<?xml version="1.0" encoding="UTF-8"?>
<!-- Generated by org.testng.reporters.JUnitReportReporter -->
<testsuite skipped="1" hostname="TECHMASST300004" name="com.w2a.testcases.RemedyloginPage" tests="1" failures="0" timestamp="2020-11-09T19:33:20 IST" time="0.000" errors="0">
  <testcase name="remedyloginPage" time="0.000" classname="com.w2a.testcases.RemedyloginPage">
    <skipped/>
  </testcase> <!-- remedyloginPage -->
  <system-out/>
</testsuite> <!-- com.w2a.testcases.RemedyloginPage -->
