<?xml version="1.0" encoding="UTF-8"?>
<!-- Generated by org.testng.reporters.JUnitReportReporter -->
<testsuite skipped="0" hostname="TECHMASST300004" name="com.w2a.testcases.AO2Truesight_LoginPage" tests="1" failures="0" timestamp="2020-11-09T19:54:43 IST" time="60.475" errors="0">
  <testcase name="truesight_LoginPage" time="60.475" classname="com.w2a.testcases.AO2Truesight_LoginPage"/>
  <system-out/>
</testsuite> <!-- com.w2a.testcases.AO2Truesight_LoginPage -->
