<?xml version="1.0" encoding="UTF-8"?>
<!-- Generated by org.testng.reporters.JUnitReportReporter -->
<testsuite skipped="0" hostname="TECHMASST300004" name="com.w2a.testcases.Truesight_monitoring" tests="21" failures="0" timestamp="2021-01-04T18:52:10 IST" time="758.527" errors="0">
  <testcase name="openTruesight" time="61.530" classname="com.w2a.testcases.Truesight_monitoring"/>
  <system-out/>
  <testcase name="truesight_configurationPage" time="34.385" classname="com.w2a.testcases.Truesight_monitoring"/>
  <system-out/>
  <testcase name="truesight_configurationPage" time="34.938" classname="com.w2a.testcases.Truesight_monitoring"/>
  <system-out/>
  <testcase name="truesight_configurationPage" time="34.326" classname="com.w2a.testcases.Truesight_monitoring"/>
  <system-out/>
  <testcase name="truesight_configurationPage" time="34.988" classname="com.w2a.testcases.Truesight_monitoring"/>
  <system-out/>
  <testcase name="truesight_configurationPage" time="36.719" classname="com.w2a.testcases.Truesight_monitoring"/>
  <system-out/>
  <testcase name="truesight_configurationPage" time="34.664" classname="com.w2a.testcases.Truesight_monitoring"/>
  <system-out/>
  <testcase name="truesight_configurationPage" time="34.813" classname="com.w2a.testcases.Truesight_monitoring"/>
  <system-out/>
  <testcase name="truesight_configurationPage" time="34.697" classname="com.w2a.testcases.Truesight_monitoring"/>
  <system-out/>
  <testcase name="truesight_configurationPage" time="34.388" classname="com.w2a.testcases.Truesight_monitoring"/>
  <system-out/>
  <testcase name="truesight_configurationPage" time="34.469" classname="com.w2a.testcases.Truesight_monitoring"/>
  <system-out/>
  <testcase name="truesight_configurationPage" time="35.111" classname="com.w2a.testcases.Truesight_monitoring"/>
  <system-out/>
  <testcase name="truesight_configurationPage" time="34.867" classname="com.w2a.testcases.Truesight_monitoring"/>
  <system-out/>
  <testcase name="truesight_configurationPage" time="34.577" classname="com.w2a.testcases.Truesight_monitoring"/>
  <system-out/>
  <testcase name="truesight_configurationPage" time="34.791" classname="com.w2a.testcases.Truesight_monitoring"/>
  <system-out/>
  <testcase name="truesight_configurationPage" time="34.669" classname="com.w2a.testcases.Truesight_monitoring"/>
  <system-out/>
  <testcase name="truesight_configurationPage" time="35.008" classname="com.w2a.testcases.Truesight_monitoring"/>
  <system-out/>
  <testcase name="truesight_configurationPage" time="34.557" classname="com.w2a.testcases.Truesight_monitoring"/>
  <system-out/>
  <testcase name="truesight_configurationPage" time="35.322" classname="com.w2a.testcases.Truesight_monitoring"/>
  <system-out/>
  <testcase name="truesight_configurationPage" time="35.121" classname="com.w2a.testcases.Truesight_monitoring"/>
  <system-out/>
  <testcase name="truesight_configurationPage" time="34.587" classname="com.w2a.testcases.Truesight_monitoring"/>
  <system-out/>
</testsuite> <!-- com.w2a.testcases.Truesight_monitoring -->
