<?xml version="1.0" encoding="UTF-8"?>
<!-- Generated by org.testng.reporters.JUnitReportReporter -->
<testsuite skipped="0" hostname="TECHMASST300004" name="com.w2a.testcases.Truesight_monitoring" tests="9" failures="0" timestamp="2021-01-19T18:01:16 IST" time="322.870" errors="0">
  <testcase name="openTruesight" time="59.479" classname="com.w2a.testcases.Truesight_monitoring"/>
  <system-out/>
  <testcase name="truesight_configurationPage" time="32.772" classname="com.w2a.testcases.Truesight_monitoring"/>
  <system-out/>
  <testcase name="truesight_configurationPage" time="32.796" classname="com.w2a.testcases.Truesight_monitoring"/>
  <system-out/>
  <testcase name="truesight_configurationPage" time="32.774" classname="com.w2a.testcases.Truesight_monitoring"/>
  <system-out/>
  <testcase name="truesight_configurationPage" time="32.769" classname="com.w2a.testcases.Truesight_monitoring"/>
  <system-out/>
  <testcase name="truesight_configurationPage" time="32.794" classname="com.w2a.testcases.Truesight_monitoring"/>
  <system-out/>
  <testcase name="truesight_configurationPage" time="33.956" classname="com.w2a.testcases.Truesight_monitoring"/>
  <system-out/>
  <testcase name="truesight_configurationPage" time="32.719" classname="com.w2a.testcases.Truesight_monitoring"/>
  <system-out/>
  <testcase name="truesight_configurationPage" time="32.811" classname="com.w2a.testcases.Truesight_monitoring"/>
  <system-out/>
</testsuite> <!-- com.w2a.testcases.Truesight_monitoring -->
